<?xml version="1.0" encoding="UTF-8"?>
<!-- Generated by org.testng.reporters.JUnitReportReporter -->
<testsuite hostname="Xahid" failures="0" tests="2" name="march22.SearchProduct" time="0.008" errors="0" timestamp="29 Mar 2023 19:53:10 GMT" skipped="0">
  <testcase classname="march22.SearchProduct" name="searchProduct" time="0.007"/>
  <testcase classname="march22.SearchProduct" name="searchSpecificProduct" time="0.001"/>
</testsuite> <!-- march22.SearchProduct -->
